生成启动时间为 2021/10/23 22:27:00。
     1>项目“C:\Users\shenyy\OneDrive\code\C\LetCode2\LetCode2\matrixToZero2\matrixToZero2.vcxproj”在节点 2 上(build 个目标)。
     1>InitializeBuildStatus:
         正在创建“Debug\groupAnagrams2.unsuccessfulbuild”，因为已指定“AlwaysCreate”。
       ClCompile:
         D:\softwareinstall\vs2010\VC\bin\CL.exe /c /ZI /nologo /W3 /WX- /Od /Oy- /D _MBCS /Gm /EHsc /RTC1 /MDd /GS /fp:precise /Zc:wchar_t /Zc:forScope /Fo"Debug\\" /Fd"Debug\vc100.pdb" /Gd /TC /analyze- /errorReport:prompt gruopAnangram2.c
         gruopAnangram2.c
     1>c:\users\shenyy\onedrive\code\c\letcode2\letcode2\matrixtozero2\gruopanangram2.c(83): warning C4996: 'strcpy': This function or variable may be unsafe. Consider using strcpy_s instead. To disable deprecation, use _CRT_SECURE_NO_WARNINGS. See online help for details.
                 d:\softwareinstall\vs2010\vc\include\string.h(105) : 参见“strcpy”的声明
       Link:
         D:\softwareinstall\vs2010\VC\bin\link.exe /ERRORREPORT:PROMPT /OUT:"C:\Users\shenyy\OneDrive\code\C\LetCode2\LetCode2\Debug\groupAnagrams2.exe" /NOLOGO kernel32.lib user32.lib gdi32.lib winspool.lib comdlg32.lib advapi32.lib shell32.lib ole32.lib oleaut32.lib uuid.lib odbc32.lib odbccp32.lib /MANIFEST /ManifestFile:"Debug\groupAnagrams2.exe.intermediate.manifest" /MANIFESTUAC:"level='asInvoker' uiAccess='false'" /DEBUG /PDB:"C:\Users\shenyy\OneDrive\code\C\LetCode2\LetCode2\Debug\groupAnagrams2.pdb" /TLBID:1 /DYNAMICBASE /NXCOMPAT /IMPLIB:"C:\Users\shenyy\OneDrive\code\C\LetCode2\LetCode2\Debug\groupAnagrams2.lib" /MACHINE:X86 Debug\gruopAnangram2.obj
         LINK : 没有找到 C:\Users\shenyy\OneDrive\code\C\LetCode2\LetCode2\Debug\groupAnagrams2.exe 或上一个增量链接没有生成它；正在执行完全链接
         matrixToZero2.vcxproj -> C:\Users\shenyy\OneDrive\code\C\LetCode2\LetCode2\Debug\groupAnagrams2.exe
       Manifest:
         C:\Program Files (x86)\Microsoft SDKs\Windows\v7.0A\bin\mt.exe /nologo /verbose /outputresource:"C:\Users\shenyy\OneDrive\code\C\LetCode2\LetCode2\Debug\groupAnagrams2.exe;#1" /manifest Debug\groupAnagrams2.exe.intermediate.manifest
       FinalizeBuildStatus:
         正在删除文件“Debug\groupAnagrams2.unsuccessfulbuild”。
         正在对“Debug\groupAnagrams2.lastbuildstate”执行 Touch 任务。
     1>已完成生成项目“C:\Users\shenyy\OneDrive\code\C\LetCode2\LetCode2\matrixToZero2\matrixToZero2.vcxproj”(build 个目标)的操作。

生成成功。

已用时间 00:00:00.42
